[2024-05-19T03:18:44.959+0000] {local_task_job_runner.py:120} INFO - ::group::Pre task execution logs
[2024-05-19T03:18:45.018+0000] {taskinstance.py:2073} INFO - Dependencies all met for dep_context=non-requeueable deps ti=<TaskInstance: dag_analysis.analysis scheduled__2024-05-01T00:00:00+00:00 [queued]>
[2024-05-19T03:18:45.025+0000] {taskinstance.py:2073} INFO - Dependencies all met for dep_context=requeueable deps ti=<TaskInstance: dag_analysis.analysis scheduled__2024-05-01T00:00:00+00:00 [queued]>
[2024-05-19T03:18:45.028+0000] {taskinstance.py:2303} INFO - Starting attempt 1 of 6
[2024-05-19T03:18:45.063+0000] {taskinstance.py:2327} INFO - Executing <Task(PythonOperator): analysis> on 2024-05-01 00:00:00+00:00
[2024-05-19T03:18:45.076+0000] {standard_task_runner.py:90} INFO - Running: ['***', 'tasks', 'run', 'dag_analysis', 'analysis', 'scheduled__2024-05-01T00:00:00+00:00', '--job-id', '558', '--raw', '--subdir', 'DAGS_FOLDER/dag1.py', '--cfg-path', '/tmp/tmp6ssr0zr6']
[2024-05-19T03:18:45.089+0000] {logging_mixin.py:188} WARNING - /home/***/.local/lib/python3.12/site-packages/***/task/task_runner/standard_task_runner.py:61 DeprecationWarning: This process (pid=176) is multi-threaded, use of fork() may lead to deadlocks in the child.
[2024-05-19T03:18:45.090+0000] {standard_task_runner.py:91} INFO - Job 558: Subtask analysis
[2024-05-19T03:18:45.091+0000] {standard_task_runner.py:63} INFO - Started process 197 to run task
[2024-05-19T03:18:45.190+0000] {task_command.py:426} INFO - Running <TaskInstance: dag_analysis.analysis scheduled__2024-05-01T00:00:00+00:00 [running]> on host cf8d95dc7aa1
[2024-05-19T03:18:45.431+0000] {taskinstance.py:2644} INFO - Exporting env vars: AIRFLOW_CTX_DAG_OWNER='bses' AIRFLOW_CTX_DAG_ID='dag_analysis' AIRFLOW_CTX_TASK_ID='analysis' AIRFLOW_CTX_EXECUTION_DATE='2024-05-01T00:00:00+00:00' AIRFLOW_CTX_TRY_NUMBER='1' AIRFLOW_CTX_DAG_RUN_ID='scheduled__2024-05-01T00:00:00+00:00'
[2024-05-19T03:18:45.432+0000] {taskinstance.py:430} INFO - ::endgroup::
[2024-05-19T03:18:45.535+0000] {taskinstance.py:441} INFO - ::group::Post task execution logs
[2024-05-19T03:18:45.544+0000] {taskinstance.py:2890} ERROR - Task failed with exception
Traceback (most recent call last):
  File "/home/airflow/.local/lib/python3.12/site-packages/mysql/connector/connection_cext.py", line 323, in _open_connection
    self._cmysql.connect(**cnx_kwargs)
_mysql_connector.MySQLInterfaceError: Can't connect to MySQL server on 'Bisheshs-MacBook-Pro.local:3306' (22)

The above exception was the direct cause of the following exception:

Traceback (most recent call last):
  File "/home/airflow/.local/lib/python3.12/site-packages/airflow/models/taskinstance.py", line 465, in _execute_task
    result = _execute_callable(context=context, **execute_callable_kwargs)
             ^^^^^^^^^^^^^^^^^^^^^^^^^^^^^^^^^^^^^^^^^^^^^^^^^^^^^^^^^^^^^
  File "/home/airflow/.local/lib/python3.12/site-packages/airflow/models/taskinstance.py", line 432, in _execute_callable
    return execute_callable(context=context, **execute_callable_kwargs)
           ^^^^^^^^^^^^^^^^^^^^^^^^^^^^^^^^^^^^^^^^^^^^^^^^^^^^^^^^^^^^
  File "/home/airflow/.local/lib/python3.12/site-packages/airflow/models/baseoperator.py", line 400, in wrapper
    return func(self, *args, **kwargs)
           ^^^^^^^^^^^^^^^^^^^^^^^^^^^
  File "/home/airflow/.local/lib/python3.12/site-packages/airflow/operators/python.py", line 235, in execute
    return_value = self.execute_callable()
                   ^^^^^^^^^^^^^^^^^^^^^^^
  File "/home/airflow/.local/lib/python3.12/site-packages/airflow/operators/python.py", line 252, in execute_callable
    return self.python_callable(*self.op_args, **self.op_kwargs)
           ^^^^^^^^^^^^^^^^^^^^^^^^^^^^^^^^^^^^^^^^^^^^^^^^^^^^^
  File "/opt/airflow/dags/dag1.py", line 8, in run
    conn = connection.connect(
           ^^^^^^^^^^^^^^^^^^^
  File "/home/airflow/.local/lib/python3.12/site-packages/mysql/connector/pooling.py", line 322, in connect
    return CMySQLConnection(*args, **kwargs)
           ^^^^^^^^^^^^^^^^^^^^^^^^^^^^^^^^^
  File "/home/airflow/.local/lib/python3.12/site-packages/mysql/connector/connection_cext.py", line 140, in __init__
    self.connect(**kwargs)
  File "/home/airflow/.local/lib/python3.12/site-packages/mysql/connector/abstracts.py", line 1363, in connect
    self._open_connection()
  File "/home/airflow/.local/lib/python3.12/site-packages/mysql/connector/connection_cext.py", line 328, in _open_connection
    raise get_mysql_exception(
mysql.connector.errors.DatabaseError: 2003 (HY000): Can't connect to MySQL server on 'Bisheshs-MacBook-Pro.local:3306' (22)
[2024-05-19T03:18:45.582+0000] {taskinstance.py:1205} INFO - Marking task as UP_FOR_RETRY. dag_id=dag_analysis, task_id=analysis, execution_date=20240501T000000, start_date=20240519T031845, end_date=20240519T031845
[2024-05-19T03:18:45.683+0000] {standard_task_runner.py:110} ERROR - Failed to execute job 558 for task analysis (2003 (HY000): Can't connect to MySQL server on 'Bisheshs-MacBook-Pro.local:3306' (22); 197)
[2024-05-19T03:18:45.742+0000] {local_task_job_runner.py:240} INFO - Task exited with return code 1
[2024-05-19T03:18:45.784+0000] {taskinstance.py:3482} INFO - 0 downstream tasks scheduled from follow-on schedule check
[2024-05-19T03:18:45.793+0000] {local_task_job_runner.py:222} INFO - ::endgroup::
[2024-05-19T03:19:43.372+0000] {local_task_job_runner.py:120} INFO - ::group::Pre task execution logs
[2024-05-19T03:19:43.402+0000] {taskinstance.py:2073} INFO - Dependencies all met for dep_context=non-requeueable deps ti=<TaskInstance: dag_analysis.analysis scheduled__2024-05-01T00:00:00+00:00 [queued]>
[2024-05-19T03:19:43.417+0000] {taskinstance.py:2073} INFO - Dependencies all met for dep_context=requeueable deps ti=<TaskInstance: dag_analysis.analysis scheduled__2024-05-01T00:00:00+00:00 [queued]>
[2024-05-19T03:19:43.424+0000] {taskinstance.py:2303} INFO - Starting attempt 1 of 6
[2024-05-19T03:19:43.439+0000] {taskinstance.py:2327} INFO - Executing <Task(PythonOperator): analysis> on 2024-05-01 00:00:00+00:00
[2024-05-19T03:19:43.449+0000] {standard_task_runner.py:90} INFO - Running: ['***', 'tasks', 'run', 'dag_analysis', 'analysis', 'scheduled__2024-05-01T00:00:00+00:00', '--job-id', '575', '--raw', '--subdir', 'DAGS_FOLDER/dag1.py', '--cfg-path', '/tmp/tmp2bxqbn_f']
[2024-05-19T03:19:43.460+0000] {standard_task_runner.py:91} INFO - Job 575: Subtask analysis
[2024-05-19T03:19:43.466+0000] {logging_mixin.py:188} WARNING - /home/***/.local/lib/python3.12/site-packages/***/task/task_runner/standard_task_runner.py:61 DeprecationWarning: This process (pid=258) is multi-threaded, use of fork() may lead to deadlocks in the child.
[2024-05-19T03:19:43.470+0000] {standard_task_runner.py:63} INFO - Started process 277 to run task
[2024-05-19T03:19:43.522+0000] {task_command.py:426} INFO - Running <TaskInstance: dag_analysis.analysis scheduled__2024-05-01T00:00:00+00:00 [running]> on host cf8d95dc7aa1
[2024-05-19T03:19:43.627+0000] {taskinstance.py:2644} INFO - Exporting env vars: AIRFLOW_CTX_DAG_OWNER='bses' AIRFLOW_CTX_DAG_ID='dag_analysis' AIRFLOW_CTX_TASK_ID='analysis' AIRFLOW_CTX_EXECUTION_DATE='2024-05-01T00:00:00+00:00' AIRFLOW_CTX_TRY_NUMBER='1' AIRFLOW_CTX_DAG_RUN_ID='scheduled__2024-05-01T00:00:00+00:00'
[2024-05-19T03:19:43.632+0000] {taskinstance.py:430} INFO - ::endgroup::
[2024-05-19T03:19:43.880+0000] {logging_mixin.py:188} WARNING - /opt/***/dags/dag1.py:15 UserWarning: pandas only supports SQLAlchemy connectable (engine/connection) or database string URI or sqlite3 DBAPI2 connection. Other DBAPI2 objects are not tested. Please consider using SQLAlchemy.
[2024-05-19T03:19:44.142+0000] {logging_mixin.py:188} WARNING - /opt/***/dags/dag1.py:17 UserWarning: pandas only supports SQLAlchemy connectable (engine/connection) or database string URI or sqlite3 DBAPI2 connection. Other DBAPI2 objects are not tested. Please consider using SQLAlchemy.
[2024-05-19T03:19:44.153+0000] {logging_mixin.py:188} WARNING - /opt/***/dags/dag1.py:19 UserWarning: pandas only supports SQLAlchemy connectable (engine/connection) or database string URI or sqlite3 DBAPI2 connection. Other DBAPI2 objects are not tested. Please consider using SQLAlchemy.
[2024-05-19T03:19:44.212+0000] {logging_mixin.py:188} WARNING - /opt/***/dags/dag1.py:21 UserWarning: pandas only supports SQLAlchemy connectable (engine/connection) or database string URI or sqlite3 DBAPI2 connection. Other DBAPI2 objects are not tested. Please consider using SQLAlchemy.
[2024-05-19T03:19:44.234+0000] {logging_mixin.py:188} WARNING - /opt/***/dags/dag1.py:23 UserWarning: pandas only supports SQLAlchemy connectable (engine/connection) or database string URI or sqlite3 DBAPI2 connection. Other DBAPI2 objects are not tested. Please consider using SQLAlchemy.
[2024-05-19T03:19:44.441+0000] {python.py:237} INFO - Done. Returned value was: None
[2024-05-19T03:19:44.442+0000] {taskinstance.py:441} INFO - ::group::Post task execution logs
[2024-05-19T03:19:44.475+0000] {taskinstance.py:1205} INFO - Marking task as SUCCESS. dag_id=dag_analysis, task_id=analysis, execution_date=20240501T000000, start_date=20240519T031943, end_date=20240519T031944
[2024-05-19T03:19:44.526+0000] {local_task_job_runner.py:240} INFO - Task exited with return code 0
[2024-05-19T03:19:44.593+0000] {taskinstance.py:3482} INFO - 0 downstream tasks scheduled from follow-on schedule check
[2024-05-19T03:19:44.603+0000] {local_task_job_runner.py:222} INFO - ::endgroup::
[2024-05-19T03:20:56.071+0000] {local_task_job_runner.py:120} INFO - ::group::Pre task execution logs
[2024-05-19T03:20:56.113+0000] {taskinstance.py:2073} INFO - Dependencies all met for dep_context=non-requeueable deps ti=<TaskInstance: dag_analysis.analysis scheduled__2024-05-01T00:00:00+00:00 [queued]>
[2024-05-19T03:20:56.146+0000] {taskinstance.py:2073} INFO - Dependencies all met for dep_context=requeueable deps ti=<TaskInstance: dag_analysis.analysis scheduled__2024-05-01T00:00:00+00:00 [queued]>
[2024-05-19T03:20:56.151+0000] {taskinstance.py:2303} INFO - Starting attempt 1 of 6
[2024-05-19T03:20:56.190+0000] {taskinstance.py:2327} INFO - Executing <Task(PythonOperator): analysis> on 2024-05-01 00:00:00+00:00
[2024-05-19T03:20:56.216+0000] {logging_mixin.py:188} WARNING - /home/***/.local/lib/python3.12/site-packages/***/task/task_runner/standard_task_runner.py:61 DeprecationWarning: This process (pid=360) is multi-threaded, use of fork() may lead to deadlocks in the child.
[2024-05-19T03:20:56.221+0000] {standard_task_runner.py:63} INFO - Started process 382 to run task
[2024-05-19T03:20:56.212+0000] {standard_task_runner.py:90} INFO - Running: ['***', 'tasks', 'run', 'dag_analysis', 'analysis', 'scheduled__2024-05-01T00:00:00+00:00', '--job-id', '593', '--raw', '--subdir', 'DAGS_FOLDER/dag1.py', '--cfg-path', '/tmp/tmpe6wooeep']
[2024-05-19T03:20:56.228+0000] {standard_task_runner.py:91} INFO - Job 593: Subtask analysis
[2024-05-19T03:20:56.304+0000] {task_command.py:426} INFO - Running <TaskInstance: dag_analysis.analysis scheduled__2024-05-01T00:00:00+00:00 [running]> on host cf8d95dc7aa1
[2024-05-19T03:20:56.456+0000] {taskinstance.py:2644} INFO - Exporting env vars: AIRFLOW_CTX_DAG_OWNER='bses' AIRFLOW_CTX_DAG_ID='dag_analysis' AIRFLOW_CTX_TASK_ID='analysis' AIRFLOW_CTX_EXECUTION_DATE='2024-05-01T00:00:00+00:00' AIRFLOW_CTX_TRY_NUMBER='1' AIRFLOW_CTX_DAG_RUN_ID='scheduled__2024-05-01T00:00:00+00:00'
[2024-05-19T03:20:56.462+0000] {taskinstance.py:430} INFO - ::endgroup::
[2024-05-19T03:20:56.746+0000] {logging_mixin.py:188} WARNING - /opt/***/dags/dag1.py:15 UserWarning: pandas only supports SQLAlchemy connectable (engine/connection) or database string URI or sqlite3 DBAPI2 connection. Other DBAPI2 objects are not tested. Please consider using SQLAlchemy.
[2024-05-19T03:20:56.941+0000] {logging_mixin.py:188} WARNING - /opt/***/dags/dag1.py:17 UserWarning: pandas only supports SQLAlchemy connectable (engine/connection) or database string URI or sqlite3 DBAPI2 connection. Other DBAPI2 objects are not tested. Please consider using SQLAlchemy.
[2024-05-19T03:20:56.965+0000] {logging_mixin.py:188} WARNING - /opt/***/dags/dag1.py:19 UserWarning: pandas only supports SQLAlchemy connectable (engine/connection) or database string URI or sqlite3 DBAPI2 connection. Other DBAPI2 objects are not tested. Please consider using SQLAlchemy.
[2024-05-19T03:20:56.972+0000] {logging_mixin.py:188} WARNING - /opt/***/dags/dag1.py:21 UserWarning: pandas only supports SQLAlchemy connectable (engine/connection) or database string URI or sqlite3 DBAPI2 connection. Other DBAPI2 objects are not tested. Please consider using SQLAlchemy.
[2024-05-19T03:20:56.987+0000] {logging_mixin.py:188} WARNING - /opt/***/dags/dag1.py:23 UserWarning: pandas only supports SQLAlchemy connectable (engine/connection) or database string URI or sqlite3 DBAPI2 connection. Other DBAPI2 objects are not tested. Please consider using SQLAlchemy.
[2024-05-19T03:20:57.178+0000] {python.py:237} INFO - Done. Returned value was: None
[2024-05-19T03:20:57.184+0000] {taskinstance.py:441} INFO - ::group::Post task execution logs
[2024-05-19T03:20:57.206+0000] {taskinstance.py:1205} INFO - Marking task as SUCCESS. dag_id=dag_analysis, task_id=analysis, execution_date=20240501T000000, start_date=20240519T032056, end_date=20240519T032057
[2024-05-19T03:20:57.248+0000] {local_task_job_runner.py:240} INFO - Task exited with return code 0
[2024-05-19T03:20:57.284+0000] {taskinstance.py:3482} INFO - 0 downstream tasks scheduled from follow-on schedule check
[2024-05-19T03:20:57.288+0000] {local_task_job_runner.py:222} INFO - ::endgroup::
