[2024-05-19T03:31:36.054+0000] {local_task_job_runner.py:120} INFO - ::group::Pre task execution logs
[2024-05-19T03:31:36.067+0000] {taskinstance.py:2073} INFO - Dependencies all met for dep_context=non-requeueable deps ti=<TaskInstance: dag_analysis.connect manual__2024-05-19T03:27:47.056889+00:00 [queued]>
[2024-05-19T03:31:36.070+0000] {taskinstance.py:2073} INFO - Dependencies all met for dep_context=requeueable deps ti=<TaskInstance: dag_analysis.connect manual__2024-05-19T03:27:47.056889+00:00 [queued]>
[2024-05-19T03:31:36.070+0000] {taskinstance.py:2303} INFO - Starting attempt 2 of 7
[2024-05-19T03:31:36.076+0000] {taskinstance.py:2327} INFO - Executing <Task(PythonOperator): connect> on 2024-05-19 03:27:47.056889+00:00
[2024-05-19T03:31:36.082+0000] {logging_mixin.py:188} WARNING - /home/***/.local/lib/python3.12/site-packages/***/task/task_runner/standard_task_runner.py:61 DeprecationWarning: This process (pid=788) is multi-threaded, use of fork() may lead to deadlocks in the child.
[2024-05-19T03:31:36.082+0000] {standard_task_runner.py:90} INFO - Running: ['***', 'tasks', 'run', 'dag_analysis', 'connect', 'manual__2024-05-19T03:27:47.056889+00:00', '--job-id', '613', '--raw', '--subdir', 'DAGS_FOLDER/dag1.py', '--cfg-path', '/tmp/tmp46s2dz71']
[2024-05-19T03:31:36.083+0000] {standard_task_runner.py:63} INFO - Started process 790 to run task
[2024-05-19T03:31:36.084+0000] {standard_task_runner.py:91} INFO - Job 613: Subtask connect
[2024-05-19T03:31:36.113+0000] {task_command.py:426} INFO - Running <TaskInstance: dag_analysis.connect manual__2024-05-19T03:27:47.056889+00:00 [running]> on host cf8d95dc7aa1
[2024-05-19T03:31:36.157+0000] {taskinstance.py:2644} INFO - Exporting env vars: AIRFLOW_CTX_DAG_OWNER='bses' AIRFLOW_CTX_DAG_ID='dag_analysis' AIRFLOW_CTX_TASK_ID='connect' AIRFLOW_CTX_EXECUTION_DATE='2024-05-19T03:27:47.056889+00:00' AIRFLOW_CTX_TRY_NUMBER='2' AIRFLOW_CTX_DAG_RUN_ID='manual__2024-05-19T03:27:47.056889+00:00'
[2024-05-19T03:31:36.157+0000] {taskinstance.py:430} INFO - ::endgroup::
[2024-05-19T03:31:36.211+0000] {python.py:237} INFO - Done. Returned value was: <mysql.connector.connection_cext.CMySQLConnection object at 0xffff7659ed20>
[2024-05-19T03:31:36.211+0000] {taskinstance.py:441} INFO - ::group::Post task execution logs
[2024-05-19T03:31:36.216+0000] {xcom.py:677} ERROR - Object of type CMySQLConnection is not JSON serializable. If you are using pickle instead of JSON for XCom, then you need to enable pickle support for XCom in your *** config or make sure to decorate your object with attr.
[2024-05-19T03:31:36.217+0000] {taskinstance.py:2890} ERROR - Task failed with exception
Traceback (most recent call last):
  File "/home/airflow/.local/lib/python3.12/site-packages/airflow/utils/json.py", line 91, in default
    return serialize(o)
           ^^^^^^^^^^^^
  File "/home/airflow/.local/lib/python3.12/site-packages/airflow/serialization/serde.py", line 189, in serialize
    raise TypeError(f"cannot serialize object of type {cls}")
TypeError: cannot serialize object of type <class 'mysql.connector.connection_cext.CMySQLConnection'>

During handling of the above exception, another exception occurred:

Traceback (most recent call last):
  File "/home/airflow/.local/lib/python3.12/site-packages/airflow/models/taskinstance.py", line 486, in _execute_task
    task_instance.xcom_push(key=XCOM_RETURN_KEY, value=xcom_value, session=session)
  File "/home/airflow/.local/lib/python3.12/site-packages/airflow/utils/session.py", line 76, in wrapper
    return func(*args, **kwargs)
           ^^^^^^^^^^^^^^^^^^^^^
  File "/home/airflow/.local/lib/python3.12/site-packages/airflow/models/taskinstance.py", line 3182, in xcom_push
    XCom.set(
  File "/home/airflow/.local/lib/python3.12/site-packages/airflow/utils/session.py", line 76, in wrapper
    return func(*args, **kwargs)
           ^^^^^^^^^^^^^^^^^^^^^
  File "/home/airflow/.local/lib/python3.12/site-packages/airflow/models/xcom.py", line 247, in set
    value = cls.serialize_value(
            ^^^^^^^^^^^^^^^^^^^^
  File "/home/airflow/.local/lib/python3.12/site-packages/airflow/models/xcom.py", line 675, in serialize_value
    return json.dumps(value, cls=XComEncoder).encode("UTF-8")
           ^^^^^^^^^^^^^^^^^^^^^^^^^^^^^^^^^^
  File "/usr/local/lib/python3.12/json/__init__.py", line 238, in dumps
    **kw).encode(obj)
          ^^^^^^^^^^^
  File "/home/airflow/.local/lib/python3.12/site-packages/airflow/utils/json.py", line 104, in encode
    return super().encode(o)
           ^^^^^^^^^^^^^^^^^
  File "/usr/local/lib/python3.12/json/encoder.py", line 200, in encode
    chunks = self.iterencode(o, _one_shot=True)
             ^^^^^^^^^^^^^^^^^^^^^^^^^^^^^^^^^^
  File "/usr/local/lib/python3.12/json/encoder.py", line 258, in iterencode
    return _iterencode(o, 0)
           ^^^^^^^^^^^^^^^^^
  File "/home/airflow/.local/lib/python3.12/site-packages/airflow/utils/json.py", line 93, in default
    return super().default(o)
           ^^^^^^^^^^^^^^^^^^
  File "/usr/local/lib/python3.12/json/encoder.py", line 180, in default
    raise TypeError(f'Object of type {o.__class__.__name__} '
TypeError: Object of type CMySQLConnection is not JSON serializable
[2024-05-19T03:31:36.222+0000] {taskinstance.py:1205} INFO - Marking task as UP_FOR_RETRY. dag_id=dag_analysis, task_id=connect, execution_date=20240519T032747, start_date=20240519T033136, end_date=20240519T033136
[2024-05-19T03:31:36.227+0000] {standard_task_runner.py:110} ERROR - Failed to execute job 613 for task connect (Object of type CMySQLConnection is not JSON serializable; 790)
[2024-05-19T03:31:36.272+0000] {local_task_job_runner.py:240} INFO - Task exited with return code 1
[2024-05-19T03:31:36.284+0000] {taskinstance.py:3482} INFO - 0 downstream tasks scheduled from follow-on schedule check
[2024-05-19T03:31:36.285+0000] {local_task_job_runner.py:222} INFO - ::endgroup::
